{
  "RSpec": {
    "coverage": {
      "/home/jonnehuo/ruby/kubera/app/helpers/application_helper.rb": [
        1,
        null
      ],
      "/home/jonnehuo/ruby/kubera/app/helpers/categories_helper.rb": [
        1,
        null
      ],
      "/home/jonnehuo/ruby/kubera/app/helpers/users_helper.rb": [
        1,
        null
      ],
      "/home/jonnehuo/ruby/kubera/app/helpers/welcome_helper.rb": [
        1,
        null
      ],
      "/home/jonnehuo/ruby/kubera/app/models/category.rb": [
        1,
        null,
        1,
        null,
        null,
        1,
        null,
        null
      ],
      "/home/jonnehuo/ruby/kubera/app/models/user.rb": [
        1,
        null,
        1,
        null,
        1,
        null,
        1,
        1,
        null,
        null
      ]
    },
    "timestamp": 1426026283
  }
}
