{
  "RSpec": {
    "coverage": {
      "/home/jonnehuo/ruby/kubera/app/helpers/application_helper.rb": [
        1,
        null
      ],
      "/home/jonnehuo/ruby/kubera/app/helpers/categories_helper.rb": [
        1,
        null
      ],
      "/home/jonnehuo/ruby/kubera/app/helpers/entries_helper.rb": [
        1,
        null
      ],
      "/home/jonnehuo/ruby/kubera/app/helpers/users_helper.rb": [
        1,
        null
      ],
      "/home/jonnehuo/ruby/kubera/app/helpers/welcome_helper.rb": [
        1,
        null
      ],
      "/home/jonnehuo/ruby/kubera/app/controllers/categories_controller.rb": [
        1,
        1,
        null,
        1,
        1,
        1,
        null,
        null,
        null,
        1,
        2,
        2,
        null,
        null,
        null,
        null,
        1,
        2,
        null,
        null,
        null,
        1,
        2,
        null,
        null,
        null,
        1,
        null,
        null,
        null,
        null,
        1,
        2,
        2,
        null,
        2,
        null,
        null,
        null,
        null,
        1,
        2,
        null,
        null,
        null,
        null,
        1,
        1,
        1,
        1,
        null,
        null,
        1,
        null,
        1,
        5,
        null,
        null,
        null,
        1,
        4,
        null,
        null,
        1,
        5,
        null,
        null
      ],
      "/home/jonnehuo/ruby/kubera/app/controllers/application_controller.rb": [
        1,
        null,
        null,
        1,
        null,
        null,
        1,
        null,
        1,
        120,
        114,
        null,
        null,
        1,
        26,
        null,
        null,
        null,
        null
      ],
      "/home/jonnehuo/ruby/kubera/lib/common_methods.rb": [
        1,
        null,
        1,
        6,
        6,
        6,
        3,
        null,
        6,
        3,
        null,
        null,
        null,
        null,
        1,
        3,
        3,
        4,
        2,
        null,
        2,
        1,
        null,
        null,
        null,
        null,
        1,
        2,
        4,
        2,
        null,
        null,
        null,
        null
      ],
      "/home/jonnehuo/ruby/kubera/app/controllers/entries_controller.rb": [
        1,
        1,
        null,
        1,
        1,
        1,
        1,
        null,
        1,
        0,
        0,
        null,
        0,
        null,
        null,
        null,
        null,
        null,
        1,
        2,
        null,
        null,
        null,
        null,
        1,
        null,
        null,
        null,
        1,
        2,
        null,
        null,
        null,
        1,
        null,
        null,
        null,
        null,
        1,
        2,
        2,
        null,
        2,
        null,
        null,
        null,
        null,
        1,
        1,
        null,
        null,
        null,
        null,
        1,
        1,
        1,
        1,
        null,
        null,
        1,
        null,
        1,
        4,
        null,
        null,
        null,
        1,
        3,
        null,
        null,
        1,
        4,
        null,
        null,
        1,
        0,
        0,
        null,
        null,
        1,
        4,
        null,
        null
      ],
      "/home/jonnehuo/ruby/kubera/app/controllers/sessions_controller.rb": [
        1,
        1,
        null,
        null,
        null,
        1,
        2,
        2,
        0,
        0,
        null,
        2,
        null,
        null,
        null,
        1,
        1,
        1,
        null,
        null
      ],
      "/home/jonnehuo/ruby/kubera/app/controllers/users_controller.rb": [
        1,
        1,
        null,
        1,
        1,
        1,
        null,
        null,
        null,
        1,
        null,
        null,
        null,
        1,
        2,
        null,
        null,
        null,
        1,
        null,
        null,
        null,
        null,
        1,
        2,
        null,
        2,
        null,
        null,
        null,
        null,
        1,
        2,
        2,
        2,
        1,
        null,
        2,
        1,
        null,
        null,
        null,
        null,
        null,
        null,
        1,
        1,
        1,
        2,
        1,
        null,
        null,
        null,
        1,
        null,
        1,
        5,
        null,
        null,
        null,
        1,
        4,
        null,
        null,
        1,
        5,
        null,
        null
      ],
      "/home/jonnehuo/ruby/kubera/app/controllers/welcome_controller.rb": [
        1,
        1,
        2,
        null,
        null
      ],
      "/home/jonnehuo/ruby/kubera/app/models/category.rb": [
        1,
        null,
        1,
        1,
        null,
        1,
        1,
        null,
        1,
        3,
        null,
        null
      ],
      "/home/jonnehuo/ruby/kubera/app/models/entry.rb": [
        1,
        null,
        1,
        1,
        1,
        1,
        null,
        1,
        1,
        null,
        null,
        null
      ],
      "/home/jonnehuo/ruby/kubera/app/models/user.rb": [
        1,
        null,
        1,
        null,
        1,
        null,
        1,
        1,
        1,
        null,
        1,
        1,
        null,
        null,
        null
      ]
    },
    "timestamp": 1427115540
  }
}
